0 info it worked if it ends with ok
1 verbose cli [ '/usr/bin/node', '/usr/bin/npm', 'run', 'server' ]
2 info using npm@2.14.9
3 info using node@v0.12.9
4 verbose node symlink /usr/bin/node
5 verbose run-script [ 'preserver', 'server', 'postserver' ]
6 info preserver marble-physics@1.0.0
7 info server marble-physics@1.0.0
8 verbose unsafe-perm in lifecycle true
9 info marble-physics@1.0.0 Failed to exec server script
10 verbose stack Error: marble-physics@1.0.0 server: `python -m SimpleHTTPServer`
10 verbose stack Exit status 1
10 verbose stack     at EventEmitter.<anonymous> (/usr/lib/node_modules/npm/lib/utils/lifecycle.js:214:16)
10 verbose stack     at EventEmitter.emit (events.js:110:17)
10 verbose stack     at ChildProcess.<anonymous> (/usr/lib/node_modules/npm/lib/utils/spawn.js:24:14)
10 verbose stack     at ChildProcess.emit (events.js:110:17)
10 verbose stack     at maybeClose (child_process.js:1016:16)
10 verbose stack     at Process.ChildProcess._handle.onexit (child_process.js:1088:5)
11 verbose pkgid marble-physics@1.0.0
12 verbose cwd /home/ben/Desktop/Development/js/marble-physics
13 error Linux 3.16.0-38-generic
14 error argv "/usr/bin/node" "/usr/bin/npm" "run" "server"
15 error node v0.12.9
16 error npm  v2.14.9
17 error code ELIFECYCLE
18 error marble-physics@1.0.0 server: `python -m SimpleHTTPServer`
18 error Exit status 1
19 error Failed at the marble-physics@1.0.0 server script 'python -m SimpleHTTPServer'.
19 error This is most likely a problem with the marble-physics package,
19 error not with npm itself.
19 error Tell the author that this fails on your system:
19 error     python -m SimpleHTTPServer
19 error You can get their info via:
19 error     npm owner ls marble-physics
19 error There is likely additional logging output above.
20 verbose exit [ 1, true ]
